<?xml version="1.0" encoding="UTF-8"?>
<!-- Generated by org.testng.reporters.JUnitReportReporter -->
<testsuite skipped="0" hostname="Gowthami" name="day7_practice.TestngTesting" tests="4" failures="0" timestamp="12 May 2019 06:11:40 GMT" time="0.026" errors="0">
  <testcase name="testcase8" time="0.013" classname="day7_practice.TestngTesting"/>
  <testcase name="testcase7" time="0.005" classname="day7_practice.TestngTesting"/>
  <testcase name="testcase1" time="0.006" classname="day7_practice.TestngTesting"/>
  <testcase name="testcase3" time="0.002" classname="day7_practice.TestngTesting"/>
</testsuite> <!-- day7_practice.TestngTesting -->
