<?xml version="1.0" encoding="UTF-8"?>
<!-- Generated by org.testng.reporters.JUnitReportReporter -->
<testsuite skipped="0" hostname="Gowthami" name="day7_practice.TestingExample" tests="4" failures="0" timestamp="12 May 2019 06:11:40 GMT" time="0.011" errors="0">
  <testcase name="testcase19" time="0.002" classname="day7_practice.TestingExample"/>
  <testcase name="testcase10" time="0.002" classname="day7_practice.TestingExample"/>
  <testcase name="testcase9" time="0.004" classname="day7_practice.TestingExample"/>
  <testcase name="testcase11" time="0.003" classname="day7_practice.TestingExample"/>
</testsuite> <!-- day7_practice.TestingExample -->
